2025-04-20 17:09:25,822 - INFO - /Users/eb/Documents/GitHub/SR_backed/.venv/lib/python3.11/site-packages/watchfiles/main.py:308:_log_changes - 1 change detected
2025-04-20 17:11:47,372 - WARNING - /Users/eb/Documents/GitHub/SR_backed/importRicette/instaloader.py:26:<module> - Instagram credentials not set. Some operations may fail due to rate limiting or access restrictions.
2025-04-20 17:11:47,469 - INFO - /Users/eb/Documents/GitHub/SR_backed/.venv/lib/python3.11/site-packages/uvicorn/config.py:318:__init__ - Will watch for changes in these directories: ['/Users/eb/Documents/GitHub/SR_backed']
2025-04-20 17:11:47,470 - ERROR - /Users/eb/Documents/GitHub/SR_backed/.venv/lib/python3.11/site-packages/uvicorn/config.py:517:bind_socket - [Errno 48] Address already in use
2025-04-20 17:11:47,529 - INFO - /Users/eb/Documents/GitHub/SR_backed/.venv/lib/python3.11/site-packages/watchfiles/main.py:308:_log_changes - 1 change detected
2025-04-20 17:11:48,382 - INFO - /Users/eb/Documents/GitHub/SR_backed/.venv/lib/python3.11/site-packages/watchfiles/main.py:308:_log_changes - 1 change detected
2025-04-20 18:10:06,728 - WARNING - /Users/eb/Documents/GitHub/SR_backed/importRicette/instaloader.py:26:<module> - Instagram credentials not set. Some operations may fail due to rate limiting or access restrictions.
2025-04-20 18:10:06,836 - INFO - /Users/eb/Documents/GitHub/SR_backed/.venv/lib/python3.11/site-packages/uvicorn/config.py:318:__init__ - Will watch for changes in these directories: ['/Users/eb/Documents/GitHub/SR_backed']
2025-04-20 18:10:06,837 - INFO - /Users/eb/Documents/GitHub/SR_backed/.venv/lib/python3.11/site-packages/uvicorn/config.py:524:bind_socket - Uvicorn running on http://127.0.0.1:8000 (Press CTRL+C to quit)
2025-04-20 18:10:06,837 - INFO - /Users/eb/Documents/GitHub/SR_backed/.venv/lib/python3.11/site-packages/uvicorn/supervisors/basereload.py:80:startup - Started reloader process [12205] using WatchFiles
2025-04-20 18:10:12,303 - WARNING - /Users/eb/Documents/GitHub/SR_backed/importRicette/instaloader.py:26:<module> - Instagram credentials not set. Some operations may fail due to rate limiting or access restrictions.
2025-04-20 18:10:12,345 - INFO - /Users/eb/Documents/GitHub/SR_backed/.venv/lib/python3.11/site-packages/uvicorn/server.py:83:_serve - Started server process [12211]
2025-04-20 18:10:12,346 - INFO - /Users/eb/Documents/GitHub/SR_backed/.venv/lib/python3.11/site-packages/uvicorn/lifespan/on.py:48:startup - Waiting for application startup.
2025-04-20 18:10:12,346 - INFO - /Users/eb/Documents/GitHub/SR_backed/.venv/lib/python3.11/site-packages/uvicorn/lifespan/on.py:62:startup - Application startup complete.
2025-04-20 18:14:28,177 - INFO - /Users/eb/Documents/GitHub/SR_backed/.venv/lib/python3.11/site-packages/sentence_transformers/SentenceTransformer.py:211:__init__ - Use pytorch device_name: mps
2025-04-20 18:14:28,178 - INFO - /Users/eb/Documents/GitHub/SR_backed/.venv/lib/python3.11/site-packages/sentence_transformers/SentenceTransformer.py:219:__init__ - Load pretrained SentenceTransformer: all-MiniLM-L6-v2
2025-04-20 18:14:32,560 - INFO - /Users/eb/Documents/GitHub/SR_backed/.venv/lib/python3.11/site-packages/httpx/_client.py:1025:_send_single_request - HTTP Request: GET https://cd762cc1-d29b-42aa-8fa4-660b5c79871f.europe-west3-0.gcp.cloud.qdrant.io:6333 "HTTP/1.1 200 OK"
2025-04-20 18:14:33,071 - INFO - /Users/eb/Documents/GitHub/SR_backed/main.py:331:search_recipes - Quadrant result [ScoredPoint(id=15, version=25, score=0.6155425310134888, payload={'diet': 'Vegetariano', 'title': 'Cestini di zucchine con ricotta e gamberi', 'preparation_time': 30, 'cooking_time': 20, 'category': '["Antipasto", "Vegetariano", "Secondo piatto"]'}, vector=None, shard_key=None, order_value=None), ScoredPoint(id=16, version=26, score=0.5835549831390381, payload={'diet': 'Pesce', 'title': 'Linguine con Scampi e Gamberi', 'preparation_time': 20, 'cooking_time': 15, 'category': '["Primo Piatto", "Pesce", "Italiano"]'}, vector=None, shard_key=None, order_value=None), ScoredPoint(id=14, version=24, score=0.4931755065917969, payload={'diet': 'Normale', 'title': 'Salmone Bistecca Perfetto', 'preparation_time': 15, 'cooking_time': 20, 'category': '["Piatto principale", "Pesce"]'}, vector=None, shard_key=None, order_value=None)]
2025-04-20 18:14:33,091 - INFO - /Users/eb/Documents/GitHub/SR_backed/main.py:340:search_recipes - DB result [<main.Recipe object at 0x14a888e90>, <main.Recipe object at 0x14581e4d0>, <main.Recipe object at 0x14a888e10>]
2025-04-20 18:15:33,804 - INFO - /Users/eb/Documents/GitHub/SR_backed/main.py:331:search_recipes - Quadrant result [ScoredPoint(id=15, version=25, score=0.6155425310134888, payload={'diet': 'Vegetariano', 'title': 'Cestini di zucchine con ricotta e gamberi', 'cooking_time': 20, 'preparation_time': 30, 'category': '["Antipasto", "Vegetariano", "Secondo piatto"]'}, vector=None, shard_key=None, order_value=None), ScoredPoint(id=16, version=26, score=0.5835549831390381, payload={'diet': 'Pesce', 'title': 'Linguine con Scampi e Gamberi', 'preparation_time': 20, 'cooking_time': 15, 'category': '["Primo Piatto", "Pesce", "Italiano"]'}, vector=None, shard_key=None, order_value=None), ScoredPoint(id=14, version=24, score=0.4931755065917969, payload={'diet': 'Normale', 'title': 'Salmone Bistecca Perfetto', 'cooking_time': 20, 'preparation_time': 15, 'category': '["Piatto principale", "Pesce"]'}, vector=None, shard_key=None, order_value=None)]
2025-04-20 18:15:33,810 - INFO - /Users/eb/Documents/GitHub/SR_backed/main.py:340:search_recipes - DB result [<main.Recipe object at 0x14ab44e10>, <main.Recipe object at 0x1416ecb90>, <main.Recipe object at 0x14ab44d50>]
2025-04-20 18:22:28,178 - INFO - /Users/eb/Documents/GitHub/SR_backed/.venv/lib/python3.11/site-packages/watchfiles/main.py:308:_log_changes - 1 change detected
2025-04-20 18:22:28,185 - WARNING - /Users/eb/Documents/GitHub/SR_backed/.venv/lib/python3.11/site-packages/uvicorn/supervisors/basereload.py:55:run - WatchFiles detected changes in 'main.py'. Reloading...
2025-04-20 18:22:28,213 - INFO - /Users/eb/Documents/GitHub/SR_backed/.venv/lib/python3.11/site-packages/uvicorn/server.py:263:shutdown - Shutting down
2025-04-20 18:22:28,318 - INFO - /Users/eb/Documents/GitHub/SR_backed/.venv/lib/python3.11/site-packages/uvicorn/lifespan/on.py:67:shutdown - Waiting for application shutdown.
2025-04-20 18:22:28,321 - INFO - /Users/eb/Documents/GitHub/SR_backed/.venv/lib/python3.11/site-packages/uvicorn/lifespan/on.py:76:shutdown - Application shutdown complete.
2025-04-20 18:22:28,322 - INFO - /Users/eb/Documents/GitHub/SR_backed/.venv/lib/python3.11/site-packages/uvicorn/server.py:93:_serve - Finished server process [12211]
2025-04-20 18:22:28,745 - INFO - /Users/eb/Documents/GitHub/SR_backed/.venv/lib/python3.11/site-packages/watchfiles/main.py:308:_log_changes - 1 change detected
2025-04-20 18:22:29,220 - INFO - /Users/eb/Documents/GitHub/SR_backed/.venv/lib/python3.11/site-packages/watchfiles/main.py:308:_log_changes - 3 changes detected
2025-04-20 18:22:34,474 - WARNING - /Users/eb/Documents/GitHub/SR_backed/importRicette/instaloader.py:26:<module> - Instagram credentials not set. Some operations may fail due to rate limiting or access restrictions.
2025-04-20 18:22:34,518 - INFO - /Users/eb/Documents/GitHub/SR_backed/.venv/lib/python3.11/site-packages/uvicorn/server.py:83:_serve - Started server process [12487]
2025-04-20 18:22:34,519 - INFO - /Users/eb/Documents/GitHub/SR_backed/.venv/lib/python3.11/site-packages/uvicorn/lifespan/on.py:48:startup - Waiting for application startup.
2025-04-20 18:22:34,519 - INFO - /Users/eb/Documents/GitHub/SR_backed/.venv/lib/python3.11/site-packages/uvicorn/lifespan/on.py:62:startup - Application startup complete.
2025-04-20 18:22:38,058 - INFO - /Users/eb/Documents/GitHub/SR_backed/.venv/lib/python3.11/site-packages/watchfiles/main.py:308:_log_changes - 1 change detected
2025-04-20 18:22:38,058 - WARNING - /Users/eb/Documents/GitHub/SR_backed/.venv/lib/python3.11/site-packages/uvicorn/supervisors/basereload.py:55:run - WatchFiles detected changes in 'main.py'. Reloading...
2025-04-20 18:22:38,161 - INFO - /Users/eb/Documents/GitHub/SR_backed/.venv/lib/python3.11/site-packages/uvicorn/server.py:263:shutdown - Shutting down
2025-04-20 18:22:38,263 - INFO - /Users/eb/Documents/GitHub/SR_backed/.venv/lib/python3.11/site-packages/uvicorn/lifespan/on.py:67:shutdown - Waiting for application shutdown.
2025-04-20 18:22:38,265 - INFO - /Users/eb/Documents/GitHub/SR_backed/.venv/lib/python3.11/site-packages/uvicorn/lifespan/on.py:76:shutdown - Application shutdown complete.
2025-04-20 18:22:38,266 - INFO - /Users/eb/Documents/GitHub/SR_backed/.venv/lib/python3.11/site-packages/uvicorn/server.py:93:_serve - Finished server process [12487]
2025-04-20 18:22:38,652 - INFO - /Users/eb/Documents/GitHub/SR_backed/.venv/lib/python3.11/site-packages/watchfiles/main.py:308:_log_changes - 1 change detected
2025-04-20 18:22:39,016 - INFO - /Users/eb/Documents/GitHub/SR_backed/.venv/lib/python3.11/site-packages/watchfiles/main.py:308:_log_changes - 3 changes detected
2025-04-20 18:22:43,049 - WARNING - /Users/eb/Documents/GitHub/SR_backed/importRicette/instaloader.py:26:<module> - Instagram credentials not set. Some operations may fail due to rate limiting or access restrictions.
2025-04-20 18:22:43,091 - INFO - /Users/eb/Documents/GitHub/SR_backed/.venv/lib/python3.11/site-packages/uvicorn/server.py:83:_serve - Started server process [12501]
2025-04-20 18:22:43,092 - INFO - /Users/eb/Documents/GitHub/SR_backed/.venv/lib/python3.11/site-packages/uvicorn/lifespan/on.py:48:startup - Waiting for application startup.
2025-04-20 18:22:43,092 - INFO - /Users/eb/Documents/GitHub/SR_backed/.venv/lib/python3.11/site-packages/uvicorn/lifespan/on.py:62:startup - Application startup complete.
2025-04-20 18:22:48,701 - INFO - /Users/eb/Documents/GitHub/SR_backed/.venv/lib/python3.11/site-packages/sentence_transformers/SentenceTransformer.py:211:__init__ - Use pytorch device_name: mps
2025-04-20 18:22:48,701 - INFO - /Users/eb/Documents/GitHub/SR_backed/.venv/lib/python3.11/site-packages/sentence_transformers/SentenceTransformer.py:219:__init__ - Load pretrained SentenceTransformer: all-MiniLM-L6-v2
2025-04-20 18:22:51,898 - INFO - /Users/eb/Documents/GitHub/SR_backed/.venv/lib/python3.11/site-packages/httpx/_client.py:1025:_send_single_request - HTTP Request: GET https://cd762cc1-d29b-42aa-8fa4-660b5c79871f.europe-west3-0.gcp.cloud.qdrant.io:6333 "HTTP/1.1 200 OK"
2025-04-20 18:22:52,419 - INFO - /Users/eb/Documents/GitHub/SR_backed/main.py:331:search_recipes - Quadrant result [ScoredPoint(id=15, version=25, score=0.6155425310134888, payload={'diet': 'Vegetariano', 'title': 'Cestini di zucchine con ricotta e gamberi', 'cooking_time': 20, 'preparation_time': 30, 'category': '["Antipasto", "Vegetariano", "Secondo piatto"]'}, vector=None, shard_key=None, order_value=None), ScoredPoint(id=16, version=26, score=0.5835549831390381, payload={'diet': 'Pesce', 'title': 'Linguine con Scampi e Gamberi', 'preparation_time': 20, 'cooking_time': 15, 'category': '["Primo Piatto", "Pesce", "Italiano"]'}, vector=None, shard_key=None, order_value=None), ScoredPoint(id=14, version=24, score=0.4931755065917969, payload={'diet': 'Normale', 'title': 'Salmone Bistecca Perfetto', 'cooking_time': 20, 'preparation_time': 15, 'category': '["Piatto principale", "Pesce"]'}, vector=None, shard_key=None, order_value=None)]
2025-04-20 18:22:52,420 - INFO - /Users/eb/Documents/GitHub/SR_backed/main.py:339:search_recipes - recipe_ids [15]
2025-04-20 18:22:52,433 - INFO - /Users/eb/Documents/GitHub/SR_backed/main.py:342:search_recipes - DB result [<main.Recipe object at 0x13eceb510>]
2025-04-20 18:23:34,747 - INFO - /Users/eb/Documents/GitHub/SR_backed/main.py:331:search_recipes - Quadrant result [ScoredPoint(id=15, version=25, score=0.6155425310134888, payload={'diet': 'Vegetariano', 'title': 'Cestini di zucchine con ricotta e gamberi', 'preparation_time': 30, 'cooking_time': 20, 'category': '["Antipasto", "Vegetariano", "Secondo piatto"]'}, vector=None, shard_key=None, order_value=None), ScoredPoint(id=16, version=26, score=0.5835549831390381, payload={'diet': 'Pesce', 'title': 'Linguine con Scampi e Gamberi', 'cooking_time': 15, 'preparation_time': 20, 'category': '["Primo Piatto", "Pesce", "Italiano"]'}, vector=None, shard_key=None, order_value=None), ScoredPoint(id=14, version=24, score=0.4931755065917969, payload={'diet': 'Normale', 'title': 'Salmone Bistecca Perfetto', 'preparation_time': 15, 'cooking_time': 20, 'category': '["Piatto principale", "Pesce"]'}, vector=None, shard_key=None, order_value=None)]
2025-04-20 18:23:34,747 - INFO - /Users/eb/Documents/GitHub/SR_backed/main.py:339:search_recipes - recipe_ids [15]
2025-04-20 18:23:34,751 - INFO - /Users/eb/Documents/GitHub/SR_backed/main.py:342:search_recipes - DB result [<main.Recipe object at 0x13ecf21d0>]
